<?xml version="1.0" encoding="UTF-8" ?>
<testsuite errors="0" failures="0" hostname="DESKTOP-1F4GKR8" name="com.flatironschool.javacs.WikiSearchTest" skipped="0" tests="4" time="0.051" timestamp="2016-07-19T07:10:36">
  <properties>
    <property name="java.vendor" value="Oracle Corporation" />
    <property name="env.SYSTEMROOT" value="C:\Windows" />
    <property name="env.USERDOMAIN_ROAMINGPROFILE" value="DESKTOP-1F4GKR8" />
    <property name="sun.java.launcher" value="SUN_STANDARD" />
    <property name="sun.management.compiler" value="HotSpot 64-Bit Tiered Compilers" />
    <property name="env.PROMPT" value="$P$G" />
    <property name="os.name" value="Windows 10" />
    <property name="sun.boot.class.path" value="C:\Program Files\Java\jdk1.8.0_91\jre\lib\resources.jar;C:\Program Files\Java\jdk1.8.0_91\jre\lib\rt.jar;C:\Program Files\Java\jdk1.8.0_91\jre\lib\sunrsasign.jar;C:\Program Files\Java\jdk1.8.0_91\jre\lib\jsse.jar;C:\Program Files\Java\jdk1.8.0_91\jre\lib\jce.jar;C:\Program Files\Java\jdk1.8.0_91\jre\lib\charsets.jar;C:\Program Files\Java\jdk1.8.0_91\jre\lib\jfr.jar;C:\Program Files\Java\jdk1.8.0_91\jre\classes" />
    <property name="env.TMPDIR" value="C:\Users\cryst\AppData\Local\Temp" />
    <property name="env.COMPUTERNAME" value="DESKTOP-1F4GKR8" />
    <property name="env.PWD" value="D:/Code/codeu/cs-application-retrieval-lab-codeU" />
    <property name="env.CommonProgramW6432" value="C:\Program Files\Common Files" />
    <property name="env.ALLUSERSPROFILE" value="C:\ProgramData" />
    <property name="sun.desktop" value="windows" />
    <property name="env.LANG" value="en_US.UTF-8" />
    <property name="java.vm.specification.vendor" value="Oracle Corporation" />
    <property name="ant.home" value="C:\Program Files\apache-ant-1.9.7" />
    <property name="java.runtime.version" value="1.8.0_91-b15" />
    <property name="env.HOMEPATH" value="\Users\cryst" />
    <property name="env.DISPLAY" value="needs-to-be-defined" />
    <property name="user.name" value="cryst" />
    <property name="env._" value="D:/Apps/RailsInstaller/Ruby2.2.0/bin/learn-test" />
    <property name="env.USER" value="cryst" />
    <property name="env.SHELL" value="D:\Apps\Git\usr\bin\bash" />
    <property name="env.MSYSTEM" value="MINGW64" />
    <property name="env.PATH" value="C:\Users\cryst\bin;D:\Apps\Git\mingw64\bin;D:\Apps\Git\usr\local\bin;D:\Apps\Git\usr\bin;D:\Apps\Git\usr\bin;D:\Apps\Git\mingw64\bin;D:\Apps\Git\usr\bin;C:\Users\cryst\bin;C:\ProgramData\Oracle\Java\javapath;C:\Windows\system32;C:\Windows;C:\Windows\System32\Wbem;C:\Windows\System32\WindowsPowerShell\v1.0;D:\Apps\Git\cmd;D:\Apps\Git\mingw64\bin;D:\Apps\Git\usr\bin;C:\Windows\system32\config\systemprofile\.dnx\bin;C:\Program Files\Microsoft DNX\Dnvm;C:\Program Files\Microsoft SQL Server\130\Tools\Binn;C:\Program Files (x86)\Skype\Phone;D:\Apps\Vim\vim74;D:\Apps\Python27;C:\Program Files\apache-ant-1.9.7\bin;C:\Program Files\Java\jdk1.8.0_91\bin;D:\Apps\Python27\Scripts;D:\Apps\RailsInstaller\Ruby2.2.0\bin; C;D:\Apps\Git\Program Files\apache-ant-1.9.7\bin;  C;D:\Apps\Git\Program Files\Java\jdk1.8.0_91\bin;D:\Apps\Git\usr\bin\vendor_perl;D:\Apps\Git\usr\bin\core_perl" />
    <property name="user.language" value="en" />
    <property name="env.EXEPATH" value="D:\Apps\Git" />
    <property name="env.WINDIR" value="C:\Windows" />
    <property name="sun.boot.library.path" value="C:\Program Files\Java\jdk1.8.0_91\jre\bin" />
    <property name="ant.project.default-target" value="build" />
    <property name="ant.project.name" value="JavaCS" />
    <property name="java.version" value="1.8.0_91" />
    <property name="env.PROCESSOR_IDENTIFIER" value="Intel64 Family 6 Model 60 Stepping 3, GenuineIntel" />
    <property name="user.timezone" value="" />
    <property name="env.TEMP" value="C:\Users\cryst\AppData\Local\Temp" />
    <property name="sun.arch.data.model" value="64" />
    <property name="java.endorsed.dirs" value="C:\Program Files\Java\jdk1.8.0_91\jre\lib\endorsed" />
    <property name="env._JAVACMD" value="C:\Program Files\Java\jdk1.8.0_91\bin\java.exe" />
    <property name="sun.cpu.isalist" value="amd64" />
    <property name="env.HOMEDRIVE" value="C:" />
    <property name="sun.jnu.encoding" value="Cp1252" />
    <property name="file.encoding.pkg" value="sun.io" />
    <property name="env.SHLVL" value="1" />
    <property name="env.SYSTEMDRIVE" value="C:" />
    <property name="file.separator" value="\" />
    <property name="env.HOSTNAME" value="DESKTOP-1F4GKR8" />
    <property name="java.specification.name" value="Java Platform API Specification" />
    <property name="java.class.version" value="52.0" />
    <property name="user.country" value="US" />
    <property name="env.PRINTER" value="Microsoft Print to PDF" />
    <property name="ant.file.JavaCS" value="D:\Code\codeu\cs-application-retrieval-lab-codeU\javacs-lab12\build.xml" />
    <property name="java.home" value="C:\Program Files\Java\jdk1.8.0_91\jre" />
    <property name="env.PSModulePath" value="C:\Program Files\WindowsPowerShell\Modules;C:\Windows\system32\WindowsPowerShell\v1.0\Modules" />
    <property name="env.APPDATA" value="C:\Users\cryst\AppData\Roaming" />
    <property name="env.PUBLIC" value="C:\Users\Public" />
    <property name="java.vm.info" value="mixed mode" />
    <property name="env.OS" value="Windows_NT" />
    <property name="ant.file" value="D:\Code\codeu\cs-application-retrieval-lab-codeU\javacs-lab12\build.xml" />
    <property name="os.version" value="10.0" />
    <property name="env.ProgramW6432" value="C:\Program Files" />
    <property name="env._USE_CLASSPATH" value="no" />
    <property name="env.=::" value="::\" />
    <property name="path.separator" value=";" />
    <property name="env.ACLOCAL_PATH" value="D:\Apps\Git\mingw64\share\aclocal;D:\Apps\Git\usr\share\aclocal" />
    <property name="java.vm.version" value="25.91-b15" />
    <property name="env.USERPROFILE" value="C:\Users\cryst" />
    <property name="user.variant" value="" />
    <property name="ant.library.dir" value="C:\Program Files\apache-ant-1.9.7\lib" />
    <property name="junit.output.dir" value="junit" />
    <property name="env.SSL_CERT_FILE" value="D:\Apps\RailsInstaller\cacert.pem" />
    <property name="env.JAVA_HOME" value="C:\Program Files\Java\jdk1.8.0_91" />
    <property name="env.TERM" value="xterm" />
    <property name="java.awt.printerjob" value="sun.awt.windows.WPrinterJob" />
    <property name="env.PROGRAMFILES" value="C:\Program Files" />
    <property name="env.TMP" value="C:\Users\cryst\AppData\Local\Temp" />
    <property name="env.FPS_BROWSER_USER_PROFILE_STRING" value="Default" />
    <property name="sun.io.unicode.encoding" value="UnicodeLittle" />
    <property name="awt.toolkit" value="sun.awt.windows.WToolkit" />
    <property name="user.script" value="" />
    <property name="env.MANPATH" value="D:\Apps\Git\mingw64\share\man;D:\Apps\Git\usr\local\man;D:\Apps\Git\usr\share\man;D:\Apps\Git\usr\man;D:\Apps\Git\share\man" />
    <property name="user.home" value="C:\Users\cryst" />
    <property name="target" value="1.7" />
    <property name="env.COMMONPROGRAMFILES" value="C:\Program Files\Common Files" />
    <property name="env.VS140COMNTOOLS" value="D:\Apps\VS Community 2015\Common7\Tools\" />
    <property name="env.ProgramData" value="C:\ProgramData" />
    <property name="env.ProgramFiles(x86)" value="C:\Program Files (x86)" />
    <property name="env.SESSIONNAME" value="Console" />
    <property name="env.OLDPWD" value="D:/Code/codeu/cs-application-retrieval-lab-codeU/javacs-lab12" />
    <property name="java.specification.vendor" value="Oracle Corporation" />
    <property name="java.library.path" value="C:\Program Files\Java\jdk1.8.0_91\jre\bin;C:\Windows\Sun\Java\bin;C:\Windows\system32;C:\Windows;C:\Users\cryst\bin;D:\Apps\Git\mingw64\bin;D:\Apps\Git\usr\local\bin;D:\Apps\Git\usr\bin;D:\Apps\Git\usr\bin;D:\Apps\Git\mingw64\bin;D:\Apps\Git\usr\bin;C:\Users\cryst\bin;C:\ProgramData\Oracle\Java\javapath;C:\Windows\system32;C:\Windows;C:\Windows\System32\Wbem;C:\Windows\System32\WindowsPowerShell\v1.0;D:\Apps\Git\cmd;D:\Apps\Git\mingw64\bin;D:\Apps\Git\usr\bin;C:\Windows\system32\config\systemprofile\.dnx\bin;C:\Program Files\Microsoft DNX\Dnvm;C:\Program Files\Microsoft SQL Server\130\Tools\Binn;C:\Program Files (x86)\Skype\Phone;D:\Apps\Vim\vim74;D:\Apps\Python27;C:\Program Files\apache-ant-1.9.7\bin;C:\Program Files\Java\jdk1.8.0_91\bin;D:\Apps\Python27\Scripts;D:\Apps\RailsInstaller\Ruby2.2.0\bin; C;D:\Apps\Git\Program Files\apache-ant-1.9.7\bin;  C;D:\Apps\Git\Program Files\Java\jdk1.8.0_91\bin;D:\Apps\Git\usr\bin\vendor_perl;D:\Apps\Git\usr\bin\core_perl;." />
    <property name="env.NUMBER_OF_PROCESSORS" value="8" />
    <property name="java.vendor.url" value="http://java.oracle.com/" />
    <property name="java.vm.vendor" value="Oracle Corporation" />
    <property name="java.runtime.name" value="Java(TM) SE Runtime Environment" />
    <property name="ant.version" value="Apache Ant(TM) version 1.9.7 compiled on April 9 2016" />
    <property name="java.class.path" value="D:\Code\codeu\cs-application-retrieval-lab-codeU\javacs-lab12\bin;D:\Code\codeu\cs-application-retrieval-lab-codeU\javacs-lab12\lib\jedis-2.8.0.jar;D:\Code\codeu\cs-application-retrieval-lab-codeU\javacs-lab12\lib\jsoup-1.8.3.jar;D:\Code\codeu\cs-application-retrieval-lab-codeU\javacs-lab12\lib\junit-4.12.jar;D:\Code\codeu\cs-application-retrieval-lab-codeU\javacs-lab12\lib\hamcrest-core-1.3.jar;D:\Code\codeu\cs-application-retrieval-lab-codeU\javacs-lab12\lib\hamcrest-library-1.3.jar;C:\Program Files\apache-ant-1.9.7\lib\ant-launcher.jar;C:\Program Files\apache-ant-1.9.7\lib\ant.jar;C:\Program Files\apache-ant-1.9.7\lib\ant-junit.jar;C:\Program Files\apache-ant-1.9.7\lib\ant-junit4.jar" />
    <property name="sun.java.command" value="org.apache.tools.ant.taskdefs.optional.junit.JUnitTestRunner com.flatironschool.javacs.WikiSearchTest skipNonTests=false filtertrace=true haltOnError=false haltOnFailure=false formatter=org.apache.tools.ant.taskdefs.optional.junit.OutErrSummaryJUnitResultFormatter showoutput=false outputtoformatters=true logfailedtests=true threadid=0 logtestlistenerevents=false formatter=org.apache.tools.ant.taskdefs.optional.junit.XMLJUnitResultFormatter,D:\Code\codeu\cs-application-retrieval-lab-codeU\javacs-lab12\junit\TEST-com.flatironschool.javacs.WikiSearchTest.xml formatter=org.apache.tools.ant.taskdefs.optional.junit.PlainJUnitResultFormatter crashfile=D:\Code\codeu\cs-application-retrieval-lab-codeU\javacs-lab12\junitvmwatcher5795271738183999267.properties propsfile=D:\Code\codeu\cs-application-retrieval-lab-codeU\javacs-lab12\junit5272405371823369185.properties" />
    <property name="ant.file.type.JavaCS" value="file" />
    <property name="java.vm.specification.name" value="Java Virtual Machine Specification" />
    <property name="ant.file.type" value="file" />
    <property name="env.LOGONSERVER" value="\\MicrosoftAccount" />
    <property name="java.vm.specification.version" value="1.8" />
    <property name="env.PROCESSOR_ARCHITECTURE" value="AMD64" />
    <property name="sun.cpu.endian" value="little" />
    <property name="sun.os.patch.level" value="" />
    <property name="debuglevel" value="source,lines,vars" />
    <property name="env.HOME" value="C:\Users\cryst" />
    <property name="env.ANT_HOME" value="C:\Program Files\apache-ant-1.9.7" />
    <property name="java.io.tmpdir" value="C:\Users\cryst\AppData\Local\Temp\" />
    <property name="env.PROCESSOR_REVISION" value="3c03" />
    <property name="env.CommonProgramFiles(x86)" value="C:\Program Files (x86)\Common Files" />
    <property name="java.vendor.url.bug" value="http://bugreport.sun.com/bugreport/" />
    <property name="env.COMSPEC" value="C:\Windows\system32\cmd.exe" />
    <property name="env.FPS_BROWSER_APP_PROFILE_STRING" value="Internet Explorer" />
    <property name="java.awt.graphicsenv" value="sun.awt.Win32GraphicsEnvironment" />
    <property name="os.arch" value="amd64" />
    <property name="env.ANT_CMD_LINE_ARGS" value=" test -buildfile javacs-lab12/build.xml" />
    <property name="env.PLINK_PROTOCOL" value="ssh" />
    <property name="env.=D:" value="D:\Code\codeu\cs-application-retrieval-lab-codeU" />
    <property name="java.ext.dirs" value="C:\Program Files\Java\jdk1.8.0_91\jre\lib\ext;C:\Windows\Sun\Java\lib\ext" />
    <property name="env.LOCALAPPDATA" value="C:\Users\cryst\AppData\Local" />
    <property name="user.dir" value="D:\Code\codeu\cs-application-retrieval-lab-codeU" />
    <property name="env.PS1" value="\[\033]0;$TITLEPREFIX:${PWD//[^[:ascii:]]/?}\007\]\n\[\033[32m\]\u@\h \[\033[35m\]$MSYSTEM \[\033[33m\]\w\[\033[36m\]`__git_ps1`\[\033[0m\]\n$ " />
    <property name="env.INFOPATH" value="D:\Apps\Git\usr\local\info;D:\Apps\Git\usr\share\info;D:\Apps\Git\usr\info;D:\Apps\Git\share\info" />
    <property name="line.separator" value="&#xd;&#xa;" />
    <property name="java.vm.name" value="Java HotSpot(TM) 64-Bit Server VM" />
    <property name="env.PATHEXT" value=".COM;.EXE;.BAT;.CMD;.VBS;.VBE;.JS;.JSE;.WSF;.WSH;.MSC" />
    <property name="basedir" value="D:\Code\codeu\cs-application-retrieval-lab-codeU\javacs-lab12" />
    <property name="ant.java.version" value="1.8" />
    <property name="ant.core.lib" value="C:\Program Files\apache-ant-1.9.7\lib\ant.jar" />
    <property name="env.USERNAME" value="cryst" />
    <property name="source" value="1.7" />
    <property name="file.encoding" value="Cp1252" />
    <property name="env.PKG_CONFIG_PATH" value="D:\Apps\Git\mingw64\lib\pkgconfig;D:\Apps\Git\mingw64\share\pkgconfig" />
    <property name="env.USERDOMAIN" value="DESKTOP-1F4GKR8" />
    <property name="java.specification.version" value="1.8" />
    <property name="ant.project.invoked-targets" value="test" />
    <property name="env.PROCESSOR_LEVEL" value="6" />
    <property name="env.SSH_ASKPASS" value="D:/Apps/Git/mingw64/libexec/git-core/git-gui--askpass" />
  </properties>
  <testcase classname="com.flatironschool.javacs.WikiSearchTest" name="testAnd" time="0.003" />
  <testcase classname="com.flatironschool.javacs.WikiSearchTest" name="testMinus" time="0.0" />
  <testcase classname="com.flatironschool.javacs.WikiSearchTest" name="testSort" time="0.0" />
  <testcase classname="com.flatironschool.javacs.WikiSearchTest" name="testOr" time="0.0" />
  <system-out><![CDATA[]]></system-out>
  <system-err><![CDATA[]]></system-err>
</testsuite>
